<?xml version="1.0" encoding="UTF-8"?>
<robot generator="Robot 7.2.2 (Python 3.11.0 on darwin)" generated="2025-03-16T15:59:47.758067" rpa="false" schemaversion="5">
<suite id="s1" name="Test" source="/Users/Yauheniya_Hrebianko/PycharmProjects/RobotFramework/test.robot">
<test id="s1-t1" name="Completness test for countries table" line="8">
<kw name="Execute DB query" owner="common_keywords" type="SETUP">
<kw name="Execute Query" owner="DatabaseService">
<msg time="2025-03-16T15:59:47.877168" level="INFO">${response} = [(1,)]</msg>
<var>${response}</var>
<arg>${query}</arg>
<status status="PASS" start="2025-03-16T15:59:47.793354" elapsed="0.083856"/>
</kw>
<kw name="Set Test Variable" owner="BuiltIn">
<msg time="2025-03-16T15:59:47.878028" level="INFO">${DB_QUERY_RESULT} = [(1,)]</msg>
<arg>${DB_QUERY_RESULT}</arg>
<arg>${response}</arg>
<doc>Makes a variable available everywhere within the scope of the current test.</doc>
<status status="PASS" start="2025-03-16T15:59:47.877534" elapsed="0.000524"/>
</kw>
<arg>${DB_QUERY_COMPLETENESS_COUNTRIES}</arg>
<doc>Execute query in destination DB</doc>
<status status="PASS" start="2025-03-16T15:59:47.792936" elapsed="0.085168"/>
</kw>
<for flavor="IN">
<iter>
<kw name="Should Be Greater Than" owner="common_keywords">
<if>
<branch type="IF" condition="${value_1} &lt; ${value_2}">
<kw name="Fail" owner="BuiltIn">
<arg>The value ${value_1} is not larger than ${value_2}</arg>
<doc>Fails the test with the given message and optionally alters its tags.</doc>
<status status="NOT RUN" start="2025-03-16T15:59:47.878724" elapsed="0.000012"/>
</kw>
<status status="NOT RUN" start="2025-03-16T15:59:47.878592" elapsed="0.000165"/>
</branch>
<status status="PASS" start="2025-03-16T15:59:47.878579" elapsed="0.000192"/>
</if>
<arg>${element}[0]</arg>
<arg>${EXPECTED_RESULT_COMPLETENESS_COUNTRIES}</arg>
<status status="PASS" start="2025-03-16T15:59:47.878396" elapsed="0.000400"/>
</kw>
<kw name="Log" owner="BuiltIn">
<msg time="2025-03-16T15:59:47.878909" level="INFO">Completness test for countries table passed</msg>
<arg>Completness test for countries table passed</arg>
<doc>Logs the given message with the given level.</doc>
<status status="PASS" start="2025-03-16T15:59:47.878852" elapsed="0.000083"/>
</kw>
<var name="${element}">(1,)</var>
<status status="PASS" start="2025-03-16T15:59:47.878287" elapsed="0.000674"/>
</iter>
<var>${element}</var>
<value>@{DB_QUERY_RESULT}</value>
<status status="PASS" start="2025-03-16T15:59:47.878195" elapsed="0.000784"/>
</for>
<status status="PASS" start="2025-03-16T15:59:47.792409" elapsed="0.086639"/>
</test>
<test id="s1-t2" name="Consisnency test for countries table" line="15">
<kw name="Execute DB query" owner="common_keywords" type="SETUP">
<kw name="Execute Query" owner="DatabaseService">
<msg time="2025-03-16T15:59:47.881076" level="INFO">${response} = [(1, 8), (2, 5), (3, 6), (4, 6)]</msg>
<var>${response}</var>
<arg>${query}</arg>
<status status="PASS" start="2025-03-16T15:59:47.879598" elapsed="0.001501"/>
</kw>
<kw name="Set Test Variable" owner="BuiltIn">
<msg time="2025-03-16T15:59:47.881617" level="INFO">${DB_QUERY_RESULT} = [(1, 8), (2, 5), (3, 6), (4, 6)]</msg>
<arg>${DB_QUERY_RESULT}</arg>
<arg>${response}</arg>
<doc>Makes a variable available everywhere within the scope of the current test.</doc>
<status status="PASS" start="2025-03-16T15:59:47.881181" elapsed="0.000464"/>
</kw>
<arg>${DB_QUERY_CONSISTENCY_COUNTRIES}</arg>
<doc>Execute query in destination DB</doc>
<status status="PASS" start="2025-03-16T15:59:47.879337" elapsed="0.002348"/>
</kw>
<for flavor="IN">
<iter>
<kw name="Dictionary Should Contain Key" owner="Collections">
<arg>${EXPECTED_RESULT_CONSISTENCY_COUNTRIES}</arg>
<arg>${element}[0]</arg>
<doc>Fails if ``key`` is not found from ``dictionary``.</doc>
<status status="PASS" start="2025-03-16T15:59:47.881884" elapsed="0.000105"/>
</kw>
<kw name="Should Be Equal" owner="BuiltIn">
<arg>${element}[1]</arg>
<arg>${EXPECTED_RESULT_CONSISTENCY_COUNTRIES}[${element}[0]]</arg>
<doc>Fails if the given objects are unequal.</doc>
<status status="PASS" start="2025-03-16T15:59:47.882054" elapsed="0.000111"/>
</kw>
<var name="${element}">(1, 8)</var>
<status status="PASS" start="2025-03-16T15:59:47.881830" elapsed="0.000353"/>
</iter>
<iter>
<kw name="Dictionary Should Contain Key" owner="Collections">
<arg>${EXPECTED_RESULT_CONSISTENCY_COUNTRIES}</arg>
<arg>${element}[0]</arg>
<doc>Fails if ``key`` is not found from ``dictionary``.</doc>
<status status="PASS" start="2025-03-16T15:59:47.882273" elapsed="0.000089"/>
</kw>
<kw name="Should Be Equal" owner="BuiltIn">
<arg>${element}[1]</arg>
<arg>${EXPECTED_RESULT_CONSISTENCY_COUNTRIES}[${element}[0]]</arg>
<doc>Fails if the given objects are unequal.</doc>
<status status="PASS" start="2025-03-16T15:59:47.882416" elapsed="0.000095"/>
</kw>
<var name="${element}">(2, 5)</var>
<status status="PASS" start="2025-03-16T15:59:47.882229" elapsed="0.000298"/>
</iter>
<iter>
<kw name="Dictionary Should Contain Key" owner="Collections">
<arg>${EXPECTED_RESULT_CONSISTENCY_COUNTRIES}</arg>
<arg>${element}[0]</arg>
<doc>Fails if ``key`` is not found from ``dictionary``.</doc>
<status status="PASS" start="2025-03-16T15:59:47.882610" elapsed="0.000081"/>
</kw>
<kw name="Should Be Equal" owner="BuiltIn">
<arg>${element}[1]</arg>
<arg>${EXPECTED_RESULT_CONSISTENCY_COUNTRIES}[${element}[0]]</arg>
<doc>Fails if the given objects are unequal.</doc>
<status status="PASS" start="2025-03-16T15:59:47.882743" elapsed="0.000091"/>
</kw>
<var name="${element}">(3, 6)</var>
<status status="PASS" start="2025-03-16T15:59:47.882571" elapsed="0.000279"/>
</iter>
<iter>
<kw name="Dictionary Should Contain Key" owner="Collections">
<arg>${EXPECTED_RESULT_CONSISTENCY_COUNTRIES}</arg>
<arg>${element}[0]</arg>
<doc>Fails if ``key`` is not found from ``dictionary``.</doc>
<status status="PASS" start="2025-03-16T15:59:47.882929" elapsed="0.000076"/>
</kw>
<kw name="Should Be Equal" owner="BuiltIn">
<arg>${element}[1]</arg>
<arg>${EXPECTED_RESULT_CONSISTENCY_COUNTRIES}[${element}[0]]</arg>
<doc>Fails if the given objects are unequal.</doc>
<status status="PASS" start="2025-03-16T15:59:47.883056" elapsed="0.000089"/>
</kw>
<var name="${element}">(4, 6)</var>
<status status="PASS" start="2025-03-16T15:59:47.882890" elapsed="0.000272"/>
</iter>
<var>${element}</var>
<value>@{DB_QUERY_RESULT}</value>
<status status="PASS" start="2025-03-16T15:59:47.881749" elapsed="0.001426"/>
</for>
<status status="PASS" start="2025-03-16T15:59:47.879155" elapsed="0.004089"/>
</test>
<test id="s1-t3" name="Accuracy test for employee table" line="22">
<kw name="Execute DB query" owner="common_keywords" type="SETUP">
<kw name="Execute Query" owner="DatabaseService">
<msg time="2025-03-16T15:59:47.885931" level="INFO">${response} = [(Decimal('2500.00'),)]</msg>
<var>${response}</var>
<arg>${query}</arg>
<status status="PASS" start="2025-03-16T15:59:47.883657" elapsed="0.002298"/>
</kw>
<kw name="Set Test Variable" owner="BuiltIn">
<msg time="2025-03-16T15:59:47.886555" level="INFO">${DB_QUERY_RESULT} = [(Decimal('2500.00'),)]</msg>
<arg>${DB_QUERY_RESULT}</arg>
<arg>${response}</arg>
<doc>Makes a variable available everywhere within the scope of the current test.</doc>
<status status="PASS" start="2025-03-16T15:59:47.886040" elapsed="0.000551"/>
</kw>
<arg>${DB_QEURY_ACCURACY_EMPLOYEES}</arg>
<doc>Execute query in destination DB</doc>
<status status="PASS" start="2025-03-16T15:59:47.883517" elapsed="0.003118"/>
</kw>
<for flavor="IN">
<iter>
<kw name="Should Be Greater Than" owner="common_keywords">
<if>
<branch type="IF" condition="${value_1} &lt; ${value_2}">
<kw name="Fail" owner="BuiltIn">
<arg>The value ${value_1} is not larger than ${value_2}</arg>
<doc>Fails the test with the given message and optionally alters its tags.</doc>
<status status="NOT RUN" start="2025-03-16T15:59:47.887168" elapsed="0.000011"/>
</kw>
<status status="NOT RUN" start="2025-03-16T15:59:47.887041" elapsed="0.000156"/>
</branch>
<status status="PASS" start="2025-03-16T15:59:47.887030" elapsed="0.000180"/>
</if>
<arg>${element}[0]</arg>
<arg>${EXPECTED_RESULT_ACCURACY_EMPLOYEES}</arg>
<status status="PASS" start="2025-03-16T15:59:47.886881" elapsed="0.000352"/>
</kw>
<var name="${element}">(Decimal('2500.00'),)</var>
<status status="PASS" start="2025-03-16T15:59:47.886786" elapsed="0.000518"/>
</iter>
<var>${element}</var>
<value>@{DB_QUERY_RESULT}</value>
<status status="PASS" start="2025-03-16T15:59:47.886706" elapsed="0.000615"/>
</for>
<status status="PASS" start="2025-03-16T15:59:47.883339" elapsed="0.004051"/>
</test>
<test id="s1-t4" name="Integrity test for employee table" line="29">
<kw name="Execute DB query" owner="common_keywords" type="SETUP">
<kw name="Execute Query" owner="DatabaseService">
<msg time="2025-03-16T15:59:47.889401" level="INFO">${response} = [(3,)]</msg>
<var>${response}</var>
<arg>${query}</arg>
<status status="PASS" start="2025-03-16T15:59:47.887780" elapsed="0.001646"/>
</kw>
<kw name="Set Test Variable" owner="BuiltIn">
<msg time="2025-03-16T15:59:47.889953" level="INFO">${DB_QUERY_RESULT} = [(3,)]</msg>
<arg>${DB_QUERY_RESULT}</arg>
<arg>${response}</arg>
<doc>Makes a variable available everywhere within the scope of the current test.</doc>
<status status="PASS" start="2025-03-16T15:59:47.889517" elapsed="0.000459"/>
</kw>
<arg>${DB_QUERY_INTEGRITY_EMPLOYEES}</arg>
<doc>Execute query in destination DB</doc>
<status status="PASS" start="2025-03-16T15:59:47.887649" elapsed="0.002361"/>
</kw>
<kw name="Should Be Equal As Integers" owner="BuiltIn">
<msg time="2025-03-16T15:59:47.890221" level="INFO">Argument types are:
&lt;class 'int'&gt;
&lt;class 'str'&gt;</msg>
<arg>${DB_QUERY_RESULT}[0][0]</arg>
<arg>${EXPECTED_RESULT_INTEGRITY_EMPLOYEES}</arg>
<doc>Fails if objects are unequal after converting them to integers.</doc>
<status status="PASS" start="2025-03-16T15:59:47.890106" elapsed="0.000144"/>
</kw>
<status status="PASS" start="2025-03-16T15:59:47.887487" elapsed="0.002828"/>
</test>
<test id="s1-t5" name="Uniqueness test for job table" line="33">
<kw name="Execute DB query" owner="common_keywords" type="SETUP">
<kw name="Execute Query" owner="DatabaseService">
<msg time="2025-03-16T15:59:47.891897" level="INFO">${response} = [('Public Accountant',), ('Accounting Manager',), ('Administration Assistant',), ('President',), ('Administration Vice President',), ('Accountant',), ('Finance Manager',), ('Human Resources Representa...</msg>
<var>${response}</var>
<arg>${query}</arg>
<status status="PASS" start="2025-03-16T15:59:47.890724" elapsed="0.001190"/>
</kw>
<kw name="Set Test Variable" owner="BuiltIn">
<msg time="2025-03-16T15:59:47.892361" level="INFO">${DB_QUERY_RESULT} = [('Public Accountant',), ('Accounting Manager',), ('Administration Assistant',), ('President',), ('Administration Vice President',), ('Accountant',), ('Finance Manager',), ('Human Resources Representa...</msg>
<arg>${DB_QUERY_RESULT}</arg>
<arg>${response}</arg>
<doc>Makes a variable available everywhere within the scope of the current test.</doc>
<status status="PASS" start="2025-03-16T15:59:47.891975" elapsed="0.000408"/>
</kw>
<arg>${DB_QUERY_UNIQUENESS_JOBS}</arg>
<doc>Execute query in destination DB</doc>
<status status="PASS" start="2025-03-16T15:59:47.890582" elapsed="0.001829"/>
</kw>
<for flavor="IN ENUMERATE">
<iter>
<kw name="Is Item is unique" owner="common_keywords">
<kw name="Is Element Is Unique" owner="Helper">
<msg time="2025-03-16T15:59:47.893528" level="INFO">${is_unique} = True</msg>
<var>${is_unique}</var>
<arg>${collection}</arg>
<arg>${index}</arg>
<status status="PASS" start="2025-03-16T15:59:47.892779" elapsed="0.000762"/>
</kw>
<if>
<branch type="IF" condition="$is_unique == False">
<kw name="Fail" owner="BuiltIn">
<arg>Element is not unique</arg>
<doc>Fails the test with the given message and optionally alters its tags.</doc>
<status status="NOT RUN" start="2025-03-16T15:59:47.894972" elapsed="0.000011"/>
</kw>
<status status="NOT RUN" start="2025-03-16T15:59:47.893581" elapsed="0.001419"/>
</branch>
<status status="PASS" start="2025-03-16T15:59:47.893569" elapsed="0.001445"/>
</if>
<arg>${DB_QUERY_RESULT}</arg>
<arg>${index}</arg>
<status status="PASS" start="2025-03-16T15:59:47.892625" elapsed="0.002417"/>
</kw>
<var name="${index}">0</var>
<var name="${element}">('Public Accountant',)</var>
<status status="PASS" start="2025-03-16T15:59:47.892539" elapsed="0.002517"/>
</iter>
<iter>
<kw name="Is Item is unique" owner="common_keywords">
<kw name="Is Element Is Unique" owner="Helper">
<msg time="2025-03-16T15:59:47.895409" level="INFO">${is_unique} = True</msg>
<var>${is_unique}</var>
<arg>${collection}</arg>
<arg>${index}</arg>
<status status="PASS" start="2025-03-16T15:59:47.895331" elapsed="0.000090"/>
</kw>
<if>
<branch type="IF" condition="$is_unique == False">
<kw name="Fail" owner="BuiltIn">
<arg>Element is not unique</arg>
<doc>Fails the test with the given message and optionally alters its tags.</doc>
<status status="NOT RUN" start="2025-03-16T15:59:47.895556" elapsed="0.000009"/>
</kw>
<status status="NOT RUN" start="2025-03-16T15:59:47.895456" elapsed="0.000123"/>
</branch>
<status status="PASS" start="2025-03-16T15:59:47.895447" elapsed="0.000144"/>
</if>
<arg>${DB_QUERY_RESULT}</arg>
<arg>${index}</arg>
<status status="PASS" start="2025-03-16T15:59:47.895185" elapsed="0.000429"/>
</kw>
<var name="${index}">1</var>
<var name="${element}">('Accounting Manager',)</var>
<status status="PASS" start="2025-03-16T15:59:47.895110" elapsed="0.000517"/>
</iter>
<iter>
<kw name="Is Item is unique" owner="common_keywords">
<kw name="Is Element Is Unique" owner="Helper">
<msg time="2025-03-16T15:59:47.896015" level="INFO">${is_unique} = True</msg>
<var>${is_unique}</var>
<arg>${collection}</arg>
<arg>${index}</arg>
<status status="PASS" start="2025-03-16T15:59:47.895933" elapsed="0.000095"/>
</kw>
<if>
<branch type="IF" condition="$is_unique == False">
<kw name="Fail" owner="BuiltIn">
<arg>Element is not unique</arg>
<doc>Fails the test with the given message and optionally alters its tags.</doc>
<status status="NOT RUN" start="2025-03-16T15:59:47.896176" elapsed="0.000009"/>
</kw>
<status status="NOT RUN" start="2025-03-16T15:59:47.896065" elapsed="0.000136"/>
</branch>
<status status="PASS" start="2025-03-16T15:59:47.896054" elapsed="0.000159"/>
</if>
<arg>${DB_QUERY_RESULT}</arg>
<arg>${index}</arg>
<status status="PASS" start="2025-03-16T15:59:47.895778" elapsed="0.000457"/>
</kw>
<var name="${index}">2</var>
<var name="${element}">('Administration Assistant',)</var>
<status status="PASS" start="2025-03-16T15:59:47.895674" elapsed="0.000574"/>
</iter>
<iter>
<kw name="Is Item is unique" owner="common_keywords">
<kw name="Is Element Is Unique" owner="Helper">
<msg time="2025-03-16T15:59:47.896578" level="INFO">${is_unique} = True</msg>
<var>${is_unique}</var>
<arg>${collection}</arg>
<arg>${index}</arg>
<status status="PASS" start="2025-03-16T15:59:47.896502" elapsed="0.000088"/>
</kw>
<if>
<branch type="IF" condition="$is_unique == False">
<kw name="Fail" owner="BuiltIn">
<arg>Element is not unique</arg>
<doc>Fails the test with the given message and optionally alters its tags.</doc>
<status status="NOT RUN" start="2025-03-16T15:59:47.896710" elapsed="0.000008"/>
</kw>
<status status="NOT RUN" start="2025-03-16T15:59:47.896623" elapsed="0.000109"/>
</branch>
<status status="PASS" start="2025-03-16T15:59:47.896614" elapsed="0.000135"/>
</if>
<arg>${DB_QUERY_RESULT}</arg>
<arg>${index}</arg>
<status status="PASS" start="2025-03-16T15:59:47.896365" elapsed="0.000404"/>
</kw>
<var name="${index}">3</var>
<var name="${element}">('President',)</var>
<status status="PASS" start="2025-03-16T15:59:47.896296" elapsed="0.000486"/>
</iter>
<iter>
<kw name="Is Item is unique" owner="common_keywords">
<kw name="Is Element Is Unique" owner="Helper">
<msg time="2025-03-16T15:59:47.897096" level="INFO">${is_unique} = True</msg>
<var>${is_unique}</var>
<arg>${collection}</arg>
<arg>${index}</arg>
<status status="PASS" start="2025-03-16T15:59:47.897027" elapsed="0.000081"/>
</kw>
<if>
<branch type="IF" condition="$is_unique == False">
<kw name="Fail" owner="BuiltIn">
<arg>Element is not unique</arg>
<doc>Fails the test with the given message and optionally alters its tags.</doc>
<status status="NOT RUN" start="2025-03-16T15:59:47.897223" elapsed="0.000008"/>
</kw>
<status status="NOT RUN" start="2025-03-16T15:59:47.897139" elapsed="0.000138"/>
</branch>
<status status="PASS" start="2025-03-16T15:59:47.897131" elapsed="0.000160"/>
</if>
<arg>${DB_QUERY_RESULT}</arg>
<arg>${index}</arg>
<status status="PASS" start="2025-03-16T15:59:47.896887" elapsed="0.000425"/>
</kw>
<var name="${index}">4</var>
<var name="${element}">('Administration Vice President',)</var>
<status status="PASS" start="2025-03-16T15:59:47.896825" elapsed="0.000501"/>
</iter>
<iter>
<kw name="Is Item is unique" owner="common_keywords">
<kw name="Is Element Is Unique" owner="Helper">
<msg time="2025-03-16T15:59:47.897637" level="INFO">${is_unique} = True</msg>
<var>${is_unique}</var>
<arg>${collection}</arg>
<arg>${index}</arg>
<status status="PASS" start="2025-03-16T15:59:47.897566" elapsed="0.000083"/>
</kw>
<if>
<branch type="IF" condition="$is_unique == False">
<kw name="Fail" owner="BuiltIn">
<arg>Element is not unique</arg>
<doc>Fails the test with the given message and optionally alters its tags.</doc>
<status status="NOT RUN" start="2025-03-16T15:59:47.897848" elapsed="0.000035"/>
</kw>
<status status="NOT RUN" start="2025-03-16T15:59:47.897683" elapsed="0.000232"/>
</branch>
<status status="PASS" start="2025-03-16T15:59:47.897673" elapsed="0.000262"/>
</if>
<arg>${DB_QUERY_RESULT}</arg>
<arg>${index}</arg>
<status status="PASS" start="2025-03-16T15:59:47.897433" elapsed="0.000542"/>
</kw>
<var name="${index}">5</var>
<var name="${element}">('Accountant',)</var>
<status status="PASS" start="2025-03-16T15:59:47.897369" elapsed="0.000628"/>
</iter>
<iter>
<kw name="Is Item is unique" owner="common_keywords">
<kw name="Is Element Is Unique" owner="Helper">
<msg time="2025-03-16T15:59:47.898477" level="INFO">${is_unique} = True</msg>
<var>${is_unique}</var>
<arg>${collection}</arg>
<arg>${index}</arg>
<status status="PASS" start="2025-03-16T15:59:47.898388" elapsed="0.000102"/>
</kw>
<if>
<branch type="IF" condition="$is_unique == False">
<kw name="Fail" owner="BuiltIn">
<arg>Element is not unique</arg>
<doc>Fails the test with the given message and optionally alters its tags.</doc>
<status status="NOT RUN" start="2025-03-16T15:59:47.898664" elapsed="0.000009"/>
</kw>
<status status="NOT RUN" start="2025-03-16T15:59:47.898529" elapsed="0.000159"/>
</branch>
<status status="PASS" start="2025-03-16T15:59:47.898518" elapsed="0.000180"/>
</if>
<arg>${DB_QUERY_RESULT}</arg>
<arg>${index}</arg>
<status status="PASS" start="2025-03-16T15:59:47.898189" elapsed="0.000531"/>
</kw>
<var name="${index}">6</var>
<var name="${element}">('Finance Manager',)</var>
<status status="PASS" start="2025-03-16T15:59:47.898078" elapsed="0.000655"/>
</iter>
<iter>
<kw name="Is Item is unique" owner="common_keywords">
<kw name="Is Element Is Unique" owner="Helper">
<msg time="2025-03-16T15:59:47.899054" level="INFO">${is_unique} = True</msg>
<var>${is_unique}</var>
<arg>${collection}</arg>
<arg>${index}</arg>
<status status="PASS" start="2025-03-16T15:59:47.898981" elapsed="0.000084"/>
</kw>
<if>
<branch type="IF" condition="$is_unique == False">
<kw name="Fail" owner="BuiltIn">
<arg>Element is not unique</arg>
<doc>Fails the test with the given message and optionally alters its tags.</doc>
<status status="NOT RUN" start="2025-03-16T15:59:47.899186" elapsed="0.000009"/>
</kw>
<status status="NOT RUN" start="2025-03-16T15:59:47.899098" elapsed="0.000110"/>
</branch>
<status status="PASS" start="2025-03-16T15:59:47.899091" elapsed="0.000128"/>
</if>
<arg>${DB_QUERY_RESULT}</arg>
<arg>${index}</arg>
<status status="PASS" start="2025-03-16T15:59:47.898844" elapsed="0.000394"/>
</kw>
<var name="${index}">7</var>
<var name="${element}">('Human Resources Representative',)</var>
<status status="PASS" start="2025-03-16T15:59:47.898779" elapsed="0.000471"/>
</iter>
<iter>
<kw name="Is Item is unique" owner="common_keywords">
<kw name="Is Element Is Unique" owner="Helper">
<msg time="2025-03-16T15:59:47.899552" level="INFO">${is_unique} = True</msg>
<var>${is_unique}</var>
<arg>${collection}</arg>
<arg>${index}</arg>
<status status="PASS" start="2025-03-16T15:59:47.899482" elapsed="0.000082"/>
</kw>
<if>
<branch type="IF" condition="$is_unique == False">
<kw name="Fail" owner="BuiltIn">
<arg>Element is not unique</arg>
<doc>Fails the test with the given message and optionally alters its tags.</doc>
<status status="NOT RUN" start="2025-03-16T15:59:47.899670" elapsed="0.000008"/>
</kw>
<status status="NOT RUN" start="2025-03-16T15:59:47.899593" elapsed="0.000099"/>
</branch>
<status status="PASS" start="2025-03-16T15:59:47.899585" elapsed="0.000117"/>
</if>
<arg>${DB_QUERY_RESULT}</arg>
<arg>${index}</arg>
<status status="PASS" start="2025-03-16T15:59:47.899353" elapsed="0.000368"/>
</kw>
<var name="${index}">8</var>
<var name="${element}">('Programmer',)</var>
<status status="PASS" start="2025-03-16T15:59:47.899292" elapsed="0.000442"/>
</iter>
<iter>
<kw name="Is Item is unique" owner="common_keywords">
<kw name="Is Element Is Unique" owner="Helper">
<msg time="2025-03-16T15:59:47.900140" level="INFO">${is_unique} = True</msg>
<var>${is_unique}</var>
<arg>${collection}</arg>
<arg>${index}</arg>
<status status="PASS" start="2025-03-16T15:59:47.899961" elapsed="0.000190"/>
</kw>
<if>
<branch type="IF" condition="$is_unique == False">
<kw name="Fail" owner="BuiltIn">
<arg>Element is not unique</arg>
<doc>Fails the test with the given message and optionally alters its tags.</doc>
<status status="NOT RUN" start="2025-03-16T15:59:47.900265" elapsed="0.000008"/>
</kw>
<status status="NOT RUN" start="2025-03-16T15:59:47.900182" elapsed="0.000105"/>
</branch>
<status status="PASS" start="2025-03-16T15:59:47.900174" elapsed="0.000123"/>
</if>
<arg>${DB_QUERY_RESULT}</arg>
<arg>${index}</arg>
<status status="PASS" start="2025-03-16T15:59:47.899834" elapsed="0.000482"/>
</kw>
<var name="${index}">9</var>
<var name="${element}">('Marketing Manager',)</var>
<status status="PASS" start="2025-03-16T15:59:47.899774" elapsed="0.000555"/>
</iter>
<iter>
<kw name="Is Item is unique" owner="common_keywords">
<kw name="Is Element Is Unique" owner="Helper">
<msg time="2025-03-16T15:59:47.900628" level="INFO">${is_unique} = True</msg>
<var>${is_unique}</var>
<arg>${collection}</arg>
<arg>${index}</arg>
<status status="PASS" start="2025-03-16T15:59:47.900559" elapsed="0.000081"/>
</kw>
<if>
<branch type="IF" condition="$is_unique == False">
<kw name="Fail" owner="BuiltIn">
<arg>Element is not unique</arg>
<doc>Fails the test with the given message and optionally alters its tags.</doc>
<status status="NOT RUN" start="2025-03-16T15:59:47.900744" elapsed="0.000008"/>
</kw>
<status status="NOT RUN" start="2025-03-16T15:59:47.900669" elapsed="0.000097"/>
</branch>
<status status="PASS" start="2025-03-16T15:59:47.900661" elapsed="0.000114"/>
</if>
<arg>${DB_QUERY_RESULT}</arg>
<arg>${index}</arg>
<status status="PASS" start="2025-03-16T15:59:47.900429" elapsed="0.000365"/>
</kw>
<var name="${index}">10</var>
<var name="${element}">('Marketing Representative',)</var>
<status status="PASS" start="2025-03-16T15:59:47.900370" elapsed="0.000436"/>
</iter>
<iter>
<kw name="Is Item is unique" owner="common_keywords">
<kw name="Is Element Is Unique" owner="Helper">
<msg time="2025-03-16T15:59:47.901106" level="INFO">${is_unique} = True</msg>
<var>${is_unique}</var>
<arg>${collection}</arg>
<arg>${index}</arg>
<status status="PASS" start="2025-03-16T15:59:47.901036" elapsed="0.000082"/>
</kw>
<if>
<branch type="IF" condition="$is_unique == False">
<kw name="Fail" owner="BuiltIn">
<arg>Element is not unique</arg>
<doc>Fails the test with the given message and optionally alters its tags.</doc>
<status status="NOT RUN" start="2025-03-16T15:59:47.901218" elapsed="0.000008"/>
</kw>
<status status="NOT RUN" start="2025-03-16T15:59:47.901146" elapsed="0.000094"/>
</branch>
<status status="PASS" start="2025-03-16T15:59:47.901139" elapsed="0.000111"/>
</if>
<arg>${DB_QUERY_RESULT}</arg>
<arg>${index}</arg>
<status status="PASS" start="2025-03-16T15:59:47.900907" elapsed="0.000362"/>
</kw>
<var name="${index}">11</var>
<var name="${element}">('Public Relations Representative',)</var>
<status status="PASS" start="2025-03-16T15:59:47.900848" elapsed="0.000433"/>
</iter>
<iter>
<kw name="Is Item is unique" owner="common_keywords">
<kw name="Is Element Is Unique" owner="Helper">
<msg time="2025-03-16T15:59:47.901623" level="INFO">${is_unique} = True</msg>
<var>${is_unique}</var>
<arg>${collection}</arg>
<arg>${index}</arg>
<status status="PASS" start="2025-03-16T15:59:47.901555" elapsed="0.000079"/>
</kw>
<if>
<branch type="IF" condition="$is_unique == False">
<kw name="Fail" owner="BuiltIn">
<arg>Element is not unique</arg>
<doc>Fails the test with the given message and optionally alters its tags.</doc>
<status status="NOT RUN" start="2025-03-16T15:59:47.901737" elapsed="0.000008"/>
</kw>
<status status="NOT RUN" start="2025-03-16T15:59:47.901663" elapsed="0.000095"/>
</branch>
<status status="PASS" start="2025-03-16T15:59:47.901656" elapsed="0.000112"/>
</if>
<arg>${DB_QUERY_RESULT}</arg>
<arg>${index}</arg>
<status status="PASS" start="2025-03-16T15:59:47.901427" elapsed="0.000360"/>
</kw>
<var name="${index}">12</var>
<var name="${element}">('Purchasing Clerk',)</var>
<status status="PASS" start="2025-03-16T15:59:47.901369" elapsed="0.000431"/>
</iter>
<iter>
<kw name="Is Item is unique" owner="common_keywords">
<kw name="Is Element Is Unique" owner="Helper">
<msg time="2025-03-16T15:59:47.902295" level="INFO">${is_unique} = True</msg>
<var>${is_unique}</var>
<arg>${collection}</arg>
<arg>${index}</arg>
<status status="PASS" start="2025-03-16T15:59:47.902196" elapsed="0.000125"/>
</kw>
<if>
<branch type="IF" condition="$is_unique == False">
<kw name="Fail" owner="BuiltIn">
<arg>Element is not unique</arg>
<doc>Fails the test with the given message and optionally alters its tags.</doc>
<status status="NOT RUN" start="2025-03-16T15:59:47.902499" elapsed="0.000010"/>
</kw>
<status status="NOT RUN" start="2025-03-16T15:59:47.902371" elapsed="0.000158"/>
</branch>
<status status="PASS" start="2025-03-16T15:59:47.902359" elapsed="0.000183"/>
</if>
<arg>${DB_QUERY_RESULT}</arg>
<arg>${index}</arg>
<status status="PASS" start="2025-03-16T15:59:47.901963" elapsed="0.000605"/>
</kw>
<var name="${index}">13</var>
<var name="${element}">('Purchasing Manager',)</var>
<status status="PASS" start="2025-03-16T15:59:47.901841" elapsed="0.000744"/>
</iter>
<iter>
<kw name="Is Item is unique" owner="common_keywords">
<kw name="Is Element Is Unique" owner="Helper">
<msg time="2025-03-16T15:59:47.902944" level="INFO">${is_unique} = True</msg>
<var>${is_unique}</var>
<arg>${collection}</arg>
<arg>${index}</arg>
<status status="PASS" start="2025-03-16T15:59:47.902866" elapsed="0.000091"/>
</kw>
<if>
<branch type="IF" condition="$is_unique == False">
<kw name="Fail" owner="BuiltIn">
<arg>Element is not unique</arg>
<doc>Fails the test with the given message and optionally alters its tags.</doc>
<status status="NOT RUN" start="2025-03-16T15:59:47.903090" elapsed="0.000009"/>
</kw>
<status status="NOT RUN" start="2025-03-16T15:59:47.902993" elapsed="0.000120"/>
</branch>
<status status="PASS" start="2025-03-16T15:59:47.902984" elapsed="0.000140"/>
</if>
<arg>${DB_QUERY_RESULT}</arg>
<arg>${index}</arg>
<status status="PASS" start="2025-03-16T15:59:47.902716" elapsed="0.000428"/>
</kw>
<var name="${index}">14</var>
<var name="${element}">('Sales Manager',)</var>
<status status="PASS" start="2025-03-16T15:59:47.902640" elapsed="0.000516"/>
</iter>
<iter>
<kw name="Is Item is unique" owner="common_keywords">
<kw name="Is Element Is Unique" owner="Helper">
<msg time="2025-03-16T15:59:47.903496" level="INFO">${is_unique} = True</msg>
<var>${is_unique}</var>
<arg>${collection}</arg>
<arg>${index}</arg>
<status status="PASS" start="2025-03-16T15:59:47.903415" elapsed="0.000093"/>
</kw>
<if>
<branch type="IF" condition="$is_unique == False">
<kw name="Fail" owner="BuiltIn">
<arg>Element is not unique</arg>
<doc>Fails the test with the given message and optionally alters its tags.</doc>
<status status="NOT RUN" start="2025-03-16T15:59:47.903626" elapsed="0.000008"/>
</kw>
<status status="NOT RUN" start="2025-03-16T15:59:47.903545" elapsed="0.000102"/>
</branch>
<status status="PASS" start="2025-03-16T15:59:47.903537" elapsed="0.000120"/>
</if>
<arg>${DB_QUERY_RESULT}</arg>
<arg>${index}</arg>
<status status="PASS" start="2025-03-16T15:59:47.903265" elapsed="0.000411"/>
</kw>
<var name="${index}">15</var>
<var name="${element}">('Sales Representative',)</var>
<status status="PASS" start="2025-03-16T15:59:47.903200" elapsed="0.000491"/>
</iter>
<iter>
<kw name="Is Item is unique" owner="common_keywords">
<kw name="Is Element Is Unique" owner="Helper">
<msg time="2025-03-16T15:59:47.903999" level="INFO">${is_unique} = True</msg>
<var>${is_unique}</var>
<arg>${collection}</arg>
<arg>${index}</arg>
<status status="PASS" start="2025-03-16T15:59:47.903924" elapsed="0.000087"/>
</kw>
<if>
<branch type="IF" condition="$is_unique == False">
<kw name="Fail" owner="BuiltIn">
<arg>Element is not unique</arg>
<doc>Fails the test with the given message and optionally alters its tags.</doc>
<status status="NOT RUN" start="2025-03-16T15:59:47.904126" elapsed="0.000008"/>
</kw>
<status status="NOT RUN" start="2025-03-16T15:59:47.904040" elapsed="0.000108"/>
</branch>
<status status="PASS" start="2025-03-16T15:59:47.904033" elapsed="0.000125"/>
</if>
<arg>${DB_QUERY_RESULT}</arg>
<arg>${index}</arg>
<status status="PASS" start="2025-03-16T15:59:47.903794" elapsed="0.000384"/>
</kw>
<var name="${index}">16</var>
<var name="${element}">('Shipping Clerk',)</var>
<status status="PASS" start="2025-03-16T15:59:47.903735" elapsed="0.000455"/>
</iter>
<iter>
<kw name="Is Item is unique" owner="common_keywords">
<kw name="Is Element Is Unique" owner="Helper">
<msg time="2025-03-16T15:59:47.904484" level="INFO">${is_unique} = True</msg>
<var>${is_unique}</var>
<arg>${collection}</arg>
<arg>${index}</arg>
<status status="PASS" start="2025-03-16T15:59:47.904417" elapsed="0.000078"/>
</kw>
<if>
<branch type="IF" condition="$is_unique == False">
<kw name="Fail" owner="BuiltIn">
<arg>Element is not unique</arg>
<doc>Fails the test with the given message and optionally alters its tags.</doc>
<status status="NOT RUN" start="2025-03-16T15:59:47.904599" elapsed="0.000008"/>
</kw>
<status status="NOT RUN" start="2025-03-16T15:59:47.904524" elapsed="0.000097"/>
</branch>
<status status="PASS" start="2025-03-16T15:59:47.904516" elapsed="0.000114"/>
</if>
<arg>${DB_QUERY_RESULT}</arg>
<arg>${index}</arg>
<status status="PASS" start="2025-03-16T15:59:47.904289" elapsed="0.000359"/>
</kw>
<var name="${index}">17</var>
<var name="${element}">('Stock Clerk',)</var>
<status status="PASS" start="2025-03-16T15:59:47.904230" elapsed="0.000430"/>
</iter>
<iter>
<kw name="Is Item is unique" owner="common_keywords">
<kw name="Is Element Is Unique" owner="Helper">
<msg time="2025-03-16T15:59:47.905079" level="INFO">${is_unique} = True</msg>
<var>${is_unique}</var>
<arg>${collection}</arg>
<arg>${index}</arg>
<status status="PASS" start="2025-03-16T15:59:47.904888" elapsed="0.000203"/>
</kw>
<if>
<branch type="IF" condition="$is_unique == False">
<kw name="Fail" owner="BuiltIn">
<arg>Element is not unique</arg>
<doc>Fails the test with the given message and optionally alters its tags.</doc>
<status status="NOT RUN" start="2025-03-16T15:59:47.905199" elapsed="0.000007"/>
</kw>
<status status="NOT RUN" start="2025-03-16T15:59:47.905123" elapsed="0.000097"/>
</branch>
<status status="PASS" start="2025-03-16T15:59:47.905116" elapsed="0.000114"/>
</if>
<arg>${DB_QUERY_RESULT}</arg>
<arg>${index}</arg>
<status status="PASS" start="2025-03-16T15:59:47.904761" elapsed="0.000487"/>
</kw>
<var name="${index}">18</var>
<var name="${element}">('Stock Manager',)</var>
<status status="PASS" start="2025-03-16T15:59:47.904701" elapsed="0.000560"/>
</iter>
<var>${index}</var>
<var>${element}</var>
<value>@{DB_QUERY_RESULT}</value>
<status status="PASS" start="2025-03-16T15:59:47.892462" elapsed="0.012813"/>
</for>
<status status="PASS" start="2025-03-16T15:59:47.890409" elapsed="0.014973"/>
</test>
<test id="s1-t6" name="Accurancy test for job table" line="39">
<kw name="Execute DB query" owner="common_keywords" type="SETUP">
<kw name="Execute Query" owner="DatabaseService">
<msg time="2025-03-16T15:59:47.908466" level="INFO">${response} = [(4, 'President', Decimal('20000.00'), Decimal('40000.00'))]</msg>
<var>${response}</var>
<arg>${query}</arg>
<status status="PASS" start="2025-03-16T15:59:47.905809" elapsed="0.002681"/>
</kw>
<kw name="Set Test Variable" owner="BuiltIn">
<msg time="2025-03-16T15:59:47.909112" level="INFO">${DB_QUERY_RESULT} = [(4, 'President', Decimal('20000.00'), Decimal('40000.00'))]</msg>
<arg>${DB_QUERY_RESULT}</arg>
<arg>${response}</arg>
<doc>Makes a variable available everywhere within the scope of the current test.</doc>
<status status="PASS" start="2025-03-16T15:59:47.908581" elapsed="0.000582"/>
</kw>
<arg>${DB_QUERY_ACCURACY_JOBS}</arg>
<doc>Execute query in destination DB</doc>
<status status="PASS" start="2025-03-16T15:59:47.905689" elapsed="0.003522"/>
</kw>
<kw name="Should Be Equal" owner="BuiltIn">
<arg>${DB_QUERY_RESULT}[0][1]</arg>
<arg>${EXPECTED_RESULT_ACCURACY_JOBS}</arg>
<doc>Fails if the given objects are unequal.</doc>
<status status="PASS" start="2025-03-16T15:59:47.909349" elapsed="0.000142"/>
</kw>
<kw name="Should Be Greater Than" owner="common_keywords">
<if>
<branch type="IF" condition="${value_1} &lt; ${value_2}">
<kw name="Fail" owner="BuiltIn">
<arg>The value ${value_1} is not larger than ${value_2}</arg>
<doc>Fails the test with the given message and optionally alters its tags.</doc>
<status status="NOT RUN" start="2025-03-16T15:59:47.909894" elapsed="0.000010"/>
</kw>
<status status="NOT RUN" start="2025-03-16T15:59:47.909774" elapsed="0.000148"/>
</branch>
<status status="PASS" start="2025-03-16T15:59:47.909758" elapsed="0.000177"/>
</if>
<arg>${DB_QUERY_RESULT}[0][3]</arg>
<arg>${DB_QUERY_RESULT}[0][2]</arg>
<status status="PASS" start="2025-03-16T15:59:47.909614" elapsed="0.000344"/>
</kw>
<status status="PASS" start="2025-03-16T15:59:47.905476" elapsed="0.004546"/>
</test>
<status status="PASS" start="2025-03-16T15:59:47.759243" elapsed="0.151003"/>
</suite>
<statistics>
<total>
<stat pass="6" fail="0" skip="0">All Tests</stat>
</total>
<tag>
</tag>
<suite>
<stat name="Test" id="s1" pass="6" fail="0" skip="0">Test</stat>
</suite>
</statistics>
<errors>
</errors>
</robot>
